<?xml version="1.0" encoding="UTF-8"?>
<testsuite xmlns:xsi="http://www.w3.org/2001/XMLSchema-instance" xsi:noNamespaceSchemaLocation="https://maven.apache.org/surefire/maven-surefire-plugin/xsd/surefire-test-report-3.0.xsd" version="3.0" name="com.mufengxz.MufengxzBackendApplicationTests" time="5.67" tests="1" errors="0" skipped="0" failures="0">
  <properties>
[...]
</properties>
  <testcase name="contextLoads" classname="com.mufengxz.MufengxzBackendApplicationTests" time="1.365">
    <system-out><![CDATA[19:19:09.333 [main] INFO org.springframework.test.context.support.AnnotationConfigContextLoaderUtils -- Could not detect default configuration classes for test class [com.mufengxz.MufengxzBackendApplicationTests]: MufengxzBackendApplicationTests does not declare any static, non-private, non-final, nested classes annotated with @Configuration.
19:19:09.468 [main] INFO org.springframework.boot.test.context.SpringBootTestContextBootstrapper -- Found @SpringBootConfiguration com.mufengxz.MufengxzBackendApplication for test class com.mufengxz.MufengxzBackendApplicationTests

  .   ____          _            __ _ _
 /\\ / ___'_ __ _ _(_)_ __  __ _ \ \ \ \
( ( )\___ | '_ | '_| | '_ \/ _` | \ \ \ \
 \\/  ___)| |_)| | | | | || (_| |  ) ) ) )
  '  |____| .__|_| |_|_| |_\__, | / / / /
 =========|_|==============|___/=/_/_/_/
 :: Spring Boot ::                (v3.1.2)

2023-08-17T19:19:10.099+08:00  INFO 17548 --- [           main] c.m.MufengxzBackendApplicationTests      : Starting MufengxzBackendApplicationTests using Java 17.0.1 with PID 17548 (started by Administrator in G:\softDatas\2.Program\WebProgramme\mufengxz\mufengxz-backend)
2023-08-17T19:19:10.101+08:00  INFO 17548 --- [           main] c.m.MufengxzBackendApplicationTests      : No active profile set, falling back to 1 default profile: "default"
2023-08-17T19:19:10.910+08:00  INFO 17548 --- [           main] .s.d.r.c.RepositoryConfigurationDelegate : Multiple Spring Data modules found, entering strict repository configuration mode
2023-08-17T19:19:10.914+08:00  INFO 17548 --- [           main] .s.d.r.c.RepositoryConfigurationDelegate : Bootstrapping Spring Data Redis repositories in DEFAULT mode.
2023-08-17T19:19:10.954+08:00  INFO 17548 --- [           main] .s.d.r.c.RepositoryConfigurationDelegate : Finished Spring Data repository scanning in 19 ms. Found 0 Redis repository interfaces.
2023-08-17T19:19:12.097+08:00  WARN 17548 --- [           main] .s.s.UserDetailsServiceAutoConfiguration : 

Using generated security password: 5c2ca304-cc54-45f1-9bc4-fe517dfac9c9

This generated password is for development use only. Your security configuration must be updated before running your application in production.

2023-08-17T19:19:12.267+08:00  INFO 17548 --- [           main] o.s.s.web.DefaultSecurityFilterChain     : Will secure any request with [org.springframework.security.web.session.DisableEncodeUrlFilter@62e73ab6, org.springframework.security.web.context.request.async.WebAsyncManagerIntegrationFilter@5d7f8467, org.springframework.security.web.context.SecurityContextHolderFilter@28daf506, org.springframework.security.web.header.HeaderWriterFilter@5a47730c, org.springframework.security.web.authentication.logout.LogoutFilter@1a88c4f5, com.mufengxz.filter.JwtAuthorizeFilter@29bd85db, org.springframework.security.web.authentication.UsernamePasswordAuthenticationFilter@a316f6b, org.springframework.security.web.savedrequest.RequestCacheAwareFilter@693f2213, org.springframework.security.web.servletapi.SecurityContextHolderAwareRequestFilter@6befbb12, org.springframework.security.web.authentication.AnonymousAuthenticationFilter@7caf1e5, org.springframework.security.web.session.SessionManagementFilter@1cde374, org.springframework.security.web.access.ExceptionTranslationFilter@4f213a2, org.springframework.security.web.access.intercept.AuthorizationFilter@35e74e08]
 _ _   |_  _ _|_. ___ _ |    _ 
| | |\/|_)(_| | |_\  |_)||_|_\ 
     /               |         
                        3.5.3.1 
2023-08-17T19:19:13.401+08:00  INFO 17548 --- [           main] c.m.MufengxzBackendApplicationTests      : Started MufengxzBackendApplicationTests in 3.699 seconds (process running for 4.987)
$2a$10$9ESUF96wbZ81ia5etfyJj.T07XUMi/mi.7SBPhbDvD2A7WsjfViNO
]]></system-out>
  </testcase>
</testsuite>